<?xml version="1.0" encoding="utf-8"?><testsuites name="pytest tests"><testsuite name="pytest" errors="0" failures="1" skipped="0" tests="12" time="62.216" timestamp="2026-04-11T21:13:00.847984+00:00" hostname="agent-env-85208e1f-858e-49ce-8419-5b61455d40a1"><testcase classname="backend.tests.test_iteration5_features.TestProfilesAndSetup" name="test_get_profiles" time="0.184" /><testcase classname="backend.tests.test_iteration5_features.TestProfilesAndSetup" name="test_seed_profiles" time="0.114" /><testcase classname="backend.tests.test_iteration5_features.TestVideoInfoEndpoint" name="test_video_info_youtube_url" time="1.354" /><testcase classname="backend.tests.test_iteration5_features.TestVideoInfoEndpoint" name="test_video_info_tiktok_blocked" time="1.130" /><testcase classname="backend.tests.test_iteration5_features.TestManualTranscriptEndpoint" name="test_add_manual_transcript" time="0.450" /><testcase classname="backend.tests.test_iteration5_features.TestManualTranscriptEndpoint" name="test_add_manual_transcript_empty_fails" time="0.515" /><testcase classname="backend.tests.test_iteration5_features.TestCaptionGeneration" name="test_generate_caption_tiktok" time="13.606" /><testcase classname="backend.tests.test_iteration5_features.TestCaptionGeneration" name="test_generate_caption_instagram" time="19.310" /><testcase classname="backend.tests.test_iteration5_features.TestCaptionGeneration" name="test_generate_caption_youtube" time="25.104" /><testcase classname="backend.tests.test_iteration5_features.TestExistingEndpoints" name="test_api_root" time="0.120" /><testcase classname="backend.tests.test_iteration5_features.TestExistingEndpoints" name="test_get_brands" time="0.115"><failure message="assert 500 == 200&#10; +  where 500 = &lt;Response [500]&gt;.status_code">backend/tests/test_iteration5_features.py:351: in test_get_brands
    assert response.status_code == 200
E   assert 500 == 200
E    +  where 500 = &lt;Response [500]&gt;.status_code</failure></testcase><testcase classname="backend.tests.test_iteration5_features.TestExistingEndpoints" name="test_get_projects" time="0.105" /></testsuite></testsuites>