<?xml version="1.0" encoding="utf-8"?><testsuites name="pytest tests"><testsuite name="pytest" errors="0" failures="0" skipped="0" tests="5" time="24.962" timestamp="2026-04-19T06:54:03.962285+00:00" hostname="agent-env-ee5072ad-b673-4c30-8b6a-7ed4e9453fe6"><testcase classname="tests.test_full_script_generation.TestGenerateFullScript" name="test_generate_full_script_auto" time="8.109" /><testcase classname="tests.test_full_script_generation.TestRegenerateBody" name="test_regenerate_body_archives_and_replaces" time="5.489" /><testcase classname="tests.test_full_script_generation.TestRegenerateBody" name="test_regenerate_body_bad_hook_id" time="0.119" /><testcase classname="tests.test_full_script_generation.TestGenerateScriptCaptions" name="test_generate_script_captions_default" time="7.716" /><testcase classname="tests.test_full_script_generation.TestGenerateScriptCaptions" name="test_generate_script_captions_with_ref" time="3.472" /></testsuite></testsuites>